Using pre-set license
Built from '2020.2/staging' branch; Version is '2020.2.6f1 (8a2143876886) revision 9052483'; Using compiler version '192528614'; Build Type 'Release'
OS: 'Windows 10 Home; OS build 19041.804; Version 2004; 64bit' Language: 'en' Physical Memory: 32716 MB
BatchMode: 1, IsHumanControllingUs: 0, StartBugReporterOnCrash: 0, Is64bit: 1, IsPro: 0

 COMMAND LINE ARGUMENTS:
C:\Program Files\Unity\Hub\Editor\2020.2.6f1\Editor\Unity.exe
-adb2
-batchMode
-noUpm
-name
AssetImportWorker0
-projectPath
E:/programming/unity/Natuurkunde gevisualiseerd
-logFile
Logs/AssetImportWorker0.log
-srvPort
50623
Successfully changed project path to: E:/programming/unity/Natuurkunde gevisualiseerd
E:/programming/unity/Natuurkunde gevisualiseerd
Using Asset Import Pipeline V2.
Refreshing native plugins compatible for Editor in 25.23 ms, found 0 plugins.
Preloading 0 native plugins for Editor in 0.00 ms.
Initialize engine version: 2020.2.6f1 (8a2143876886)
[Subsystems] Discovering subsystems at path C:/Program Files/Unity/Hub/Editor/2020.2.6f1/Editor/Data/Resources/UnitySubsystems
[Subsystems] Discovering subsystems at path E:/programming/unity/Natuurkunde gevisualiseerd/Assets
GfxDevice: creating device client; threaded=0
Direct3D:
    Version:  Direct3D 11.0 [level 11.1]
    Renderer: NVIDIA GeForce GTX 1070 (ID=0x1b81)
    Vendor:   
    VRAM:     8088 MB
    Driver:   27.21.14.5671
Initialize mono
Mono path[0] = 'C:/Program Files/Unity/Hub/Editor/2020.2.6f1/Editor/Data/Managed'
Mono path[1] = 'C:/Program Files/Unity/Hub/Editor/2020.2.6f1/Editor/Data/MonoBleedingEdge/lib/mono/unityjit'
Mono config path = 'C:/Program Files/Unity/Hub/Editor/2020.2.6f1/Editor/Data/MonoBleedingEdge/etc'
Using monoOptions --debugger-agent=transport=dt_socket,embedding=1,server=y,suspend=n,address=127.0.0.1:56272
Begin MonoManager ReloadAssembly
Registering precompiled unity dll's ...
Register platform support module: C:/Program Files/Unity/Hub/Editor/2020.2.6f1/Editor/Data/PlaybackEngines/WindowsStandaloneSupport/UnityEditor.WindowsStandalone.Extensions.dll
Registered in 0.005384 seconds.
Native extension for WindowsStandalone target not found
Refreshing native plugins compatible for Editor in 21.98 ms, found 0 plugins.
Preloading 0 native plugins for Editor in 0.00 ms.
Invoked RoslynAnalysisRunner static constructor.
RoslynAnalysisRunner will not be running.
RoslynAnalysisRunner has terminated.
Mono: successfully reloaded assembly
- Completed reload, in  1.646 seconds
Platform modules already initialized, skipping
Registering precompiled user dll's ...
Registered in 0.001486 seconds.
Begin MonoManager ReloadAssembly
Native extension for WindowsStandalone target not found
Refreshing native plugins compatible for Editor in 0.24 ms, found 0 plugins.
Preloading 0 native plugins for Editor in 0.00 ms.
Invoked RoslynAnalysisRunner static constructor.
RoslynAnalysisRunner will not be running.
RoslynAnalysisRunner has terminated.
Build target directory for LinuxStandaloneSupport does not exist!
UnityEngine.StackTraceUtility:ExtractStackTrace ()
UnityEditor.Il2Cpp.SysrootPackage:IsLinuxIL2CPPPresent () (at Library/PackageCache/com.unity.sysroot@0.1.18-preview/Editor/Unity.SysrootPackage.cs:53)
UnityEditor.Il2Cpp.SysrootPackage:IssueWarningIfLinuxIL2CPPNotPresent () (at Library/PackageCache/com.unity.sysroot@0.1.18-preview/Editor/Unity.SysrootPackage.cs:68)

[Library/PackageCache/com.unity.sysroot@0.1.18-preview/Editor/Unity.SysrootPackage.cs line 53]

Mono: successfully reloaded assembly
- Completed reload, in  0.849 seconds
Platform modules already initialized, skipping
========================================================================
Worker process is ready to serve import requests
Launched and connected shader compiler UnityShaderCompiler.exe after 0.04 seconds
Refreshing native plugins compatible for Editor in 0.25 ms, found 0 plugins.
Preloading 0 native plugins for Editor in 0.00 ms.
Unloading 1150 Unused Serialized files (Serialized files now loaded: 0)
System memory in use before: 70.4 MB.
System memory in use after: 70.4 MB.

Unloading 9 unused Assets to reduce memory usage. Loaded Objects now: 1611.
Total: 1.937900 ms (FindLiveObjects: 0.186200 ms CreateObjectMapping: 0.091900 ms MarkObjects: 1.594400 ms  DeleteObjects: 0.064000 ms)

========================================================================
Received Import Request.
  path: Assets/New Terrain.asset
  artifactKey: Guid(8d10e733fd4cadb4b92e182184ad0d23) Importer(815301076,1909f56bfc062723c751e8b465ee728b)
Start importing Assets/New Terrain.asset using Guid(8d10e733fd4cadb4b92e182184ad0d23) Importer(815301076,1909f56bfc062723c751e8b465ee728b)  -> (artifact id: 'bbdecf2f6f0d0db8fb502e4a9834874a') in 0.034169 seconds
  Import took 0.036196 seconds .

AssetImportWorkerClient::OnTransportError - code=2 error=End of file
